
====================================
========= Model Description ========
====================================

compute dispersions for elastic Love wave


region 1:
=======================
depth	 rho	 vsv	 vsh (Qvsv Qvsh)	 
0.000000 2.197252 2.655556 2.655556
7.777778 2.197252 2.655556 2.655556

region 2:
=======================
depth	 rho	 vsv	 vsh (Qvsv Qvsh)	 
7.777778 2.197252 2.755556 2.655556
15.555556 2.294271 2.811111 2.811111
23.333332 2.391290 2.966667 2.966667
31.111111 2.488309 3.122222 3.122222
38.888889 2.585328 3.277778 3.277778
46.666668 2.682347 3.433333 3.433333
54.444443 2.779366 3.588889 3.588889
62.222221 2.876385 3.744444 3.744444
70.000000 2.973403 3.900000 3.900000

half space begin at depth = 70.000000
region 1: 0-1
region 2: 2-10
region 3: 11-11
0 1 1 1 2 
hahaf
0 1 0 0 0 0
0 1 1 1 0 1
0 1 2 2 0 1
0 1 3 3 0 1
0 1 4 4 0 2
2 10 0 0 1 0
2 10 1 1 1 1
2 10 2 2 1 1
2 10 3 3 1 1
2 10 4 4 1 2
11 11 0 0 2 0
11 11 1 1 2 1
11 11 2 2 2 1
11 11 3 3 2 1
11 11 4 4 2 2
0
1
2
3
4
