\BOOKMARK [0][-]{chapter.1}{\376\377\0001\000\040\000C\000l\000a\000s\000s\000\040\000I\000n\000d\000e\000x}{}% 1
\BOOKMARK [1][-]{section.1.1}{\376\377\0001\000.\0001\000\040\000C\000l\000a\000s\000s\000\040\000L\000i\000s\000t}{chapter.1}% 2
\BOOKMARK [0][-]{chapter.2}{\376\377\0002\000\040\000F\000i\000l\000e\000\040\000I\000n\000d\000e\000x}{}% 3
\BOOKMARK [1][-]{section.2.1}{\376\377\0002\000.\0001\000\040\000F\000i\000l\000e\000\040\000L\000i\000s\000t}{chapter.2}% 4
\BOOKMARK [0][-]{chapter.3}{\376\377\0003\000\040\000C\000l\000a\000s\000s\000\040\000D\000o\000c\000u\000m\000e\000n\000t\000a\000t\000i\000o\000n}{}% 5
\BOOKMARK [1][-]{section.3.1}{\376\377\0003\000.\0001\000\040\000s\000p\000e\000c\000s\000w\000d\000:\000:\000M\000e\000s\000h\000\040\000S\000t\000r\000u\000c\000t\000\040\000R\000e\000f\000e\000r\000e\000n\000c\000e}{chapter.3}% 6
\BOOKMARK [2][-]{subsection.3.1.1}{\376\377\0003\000.\0001\000.\0001\000\040\000D\000e\000t\000a\000i\000l\000e\000d\000\040\000D\000e\000s\000c\000r\000i\000p\000t\000i\000o\000n}{section.3.1}% 7
\BOOKMARK [2][-]{subsection.3.1.2}{\376\377\0003\000.\0001\000.\0002\000\040\000M\000e\000m\000b\000e\000r\000\040\000F\000u\000n\000c\000t\000i\000o\000n\000\040\000D\000o\000c\000u\000m\000e\000n\000t\000a\000t\000i\000o\000n}{section.3.1}% 8
\BOOKMARK [3][-]{subsubsection.3.1.2.1}{\376\377\0003\000.\0001\000.\0002\000.\0001\000\040\000c\000r\000e\000a\000t\000e\000\137\000d\000a\000t\000a\000b\000a\000s\000e\000\050\000\051}{subsection.3.1.2}% 9
\BOOKMARK [3][-]{subsubsection.3.1.2.2}{\376\377\0003\000.\0001\000.\0002\000.\0002\000\040\000i\000n\000t\000e\000r\000p\000\137\000m\000o\000d\000e\000l\000\050\000\051}{subsection.3.1.2}% 10
\BOOKMARK [3][-]{subsubsection.3.1.2.3}{\376\377\0003\000.\0001\000.\0002\000.\0003\000\040\000p\000r\000o\000j\000e\000c\000t\000\137\000k\000l\000\050\000\051}{subsection.3.1.2}% 11
\BOOKMARK [3][-]{subsubsection.3.1.2.4}{\376\377\0003\000.\0001\000.\0002\000.\0004\000\040\000r\000e\000a\000d\000\137\000m\000o\000d\000e\000l\000\050\000\051}{subsection.3.1.2}% 12
\BOOKMARK [3][-]{subsubsection.3.1.2.5}{\376\377\0003\000.\0001\000.\0002\000.\0005\000\040\000r\000e\000a\000d\000\137\000m\000o\000d\000e\000l\000\137\000f\000u\000l\000l\000\137\000a\000n\000i\000s\000o\000\137\000\050\000\051}{subsection.3.1.2}% 13
\BOOKMARK [3][-]{subsubsection.3.1.2.6}{\376\377\0003\000.\0001\000.\0002\000.\0006\000\040\000r\000e\000a\000d\000\137\000m\000o\000d\000e\000l\000\137\000h\000e\000a\000d\000e\000r\000\137\000\050\000\051}{subsection.3.1.2}% 14
\BOOKMARK [3][-]{subsubsection.3.1.2.7}{\376\377\0003\000.\0001\000.\0002\000.\0007\000\040\000r\000e\000a\000d\000\137\000m\000o\000d\000e\000l\000\137\000l\000o\000v\000e\000\137\000\050\000\051}{subsection.3.1.2}% 15
\BOOKMARK [3][-]{subsubsection.3.1.2.8}{\376\377\0003\000.\0001\000.\0002\000.\0008\000\040\000r\000e\000a\000d\000\137\000m\000o\000d\000e\000l\000\137\000r\000a\000y\000l\000\137\000\050\000\051}{subsection.3.1.2}% 16
\BOOKMARK [1][-]{section.3.2}{\376\377\0003\000.\0002\000\040\000s\000p\000e\000c\000s\000w\000d\000:\000:\000S\000o\000l\000v\000e\000r\000L\000o\000v\000e\000\040\000C\000l\000a\000s\000s\000\040\000R\000e\000f\000e\000r\000e\000n\000c\000e}{chapter.3}% 17
\BOOKMARK [2][-]{subsection.3.2.1}{\376\377\0003\000.\0002\000.\0001\000\040\000M\000e\000m\000b\000e\000r\000\040\000F\000u\000n\000c\000t\000i\000o\000n\000\040\000D\000o\000c\000u\000m\000e\000n\000t\000a\000t\000i\000o\000n}{section.3.2}% 18
\BOOKMARK [3][-]{subsubsection.3.2.1.1}{\376\377\0003\000.\0002\000.\0001\000.\0001\000\040\000c\000o\000m\000p\000u\000t\000e\000\137\000e\000g\000n\000\050\000\051}{subsection.3.2.1}% 19
\BOOKMARK [3][-]{subsubsection.3.2.1.2}{\376\377\0003\000.\0002\000.\0001\000.\0002\000\040\000c\000o\000m\000p\000u\000t\000e\000\137\000e\000g\000n\000\137\000a\000t\000t\000\050\000\051}{subsection.3.2.1}% 20
\BOOKMARK [3][-]{subsubsection.3.2.1.3}{\376\377\0003\000.\0002\000.\0001\000.\0003\000\040\000c\000o\000m\000p\000u\000t\000e\000\137\000g\000r\000o\000u\000p\000\137\000k\000l\000\050\000\051}{subsection.3.2.1}% 21
\BOOKMARK [3][-]{subsubsection.3.2.1.4}{\376\377\0003\000.\0002\000.\0001\000.\0004\000\040\000c\000o\000m\000p\000u\000t\000e\000\137\000g\000r\000o\000u\000p\000\137\000k\000l\000\137\000a\000t\000t\000\050\000\051}{subsection.3.2.1}% 22
\BOOKMARK [3][-]{subsubsection.3.2.1.5}{\376\377\0003\000.\0002\000.\0001\000.\0005\000\040\000c\000o\000m\000p\000u\000t\000e\000\137\000p\000h\000a\000s\000e\000\137\000k\000l\000\050\000\051}{subsection.3.2.1}% 23
\BOOKMARK [3][-]{subsubsection.3.2.1.6}{\376\377\0003\000.\0002\000.\0001\000.\0006\000\040\000c\000o\000m\000p\000u\000t\000e\000\137\000p\000h\000a\000s\000e\000\137\000k\000l\000\137\000a\000t\000t\000\050\000\051}{subsection.3.2.1}% 24
\BOOKMARK [3][-]{subsubsection.3.2.1.7}{\376\377\0003\000.\0002\000.\0001\000.\0007\000\040\000e\000g\000n\0002\000d\000i\000s\000p\000l\000\050\000\051}{subsection.3.2.1}% 25
\BOOKMARK [3][-]{subsubsection.3.2.1.8}{\376\377\0003\000.\0002\000.\0001\000.\0008\000\040\000e\000g\000n\0002\000d\000i\000s\000p\000l\000\137\000a\000t\000t\000\050\000\051}{subsection.3.2.1}% 26
\BOOKMARK [3][-]{subsubsection.3.2.1.9}{\376\377\0003\000.\0002\000.\0001\000.\0009\000\040\000t\000r\000a\000n\000s\000f\000o\000r\000m\000\137\000k\000e\000r\000n\000e\000l\000s\000\050\000\051}{subsection.3.2.1}% 27
\BOOKMARK [1][-]{section.3.3}{\376\377\0003\000.\0003\000\040\000s\000p\000e\000c\000s\000w\000d\000:\000:\000S\000o\000l\000v\000e\000r\000R\000a\000y\000l\000\040\000C\000l\000a\000s\000s\000\040\000R\000e\000f\000e\000r\000e\000n\000c\000e}{chapter.3}% 28
\BOOKMARK [2][-]{subsection.3.3.1}{\376\377\0003\000.\0003\000.\0001\000\040\000M\000e\000m\000b\000e\000r\000\040\000F\000u\000n\000c\000t\000i\000o\000n\000\040\000D\000o\000c\000u\000m\000e\000n\000t\000a\000t\000i\000o\000n}{section.3.3}% 29
\BOOKMARK [3][-]{subsubsection.3.3.1.1}{\376\377\0003\000.\0003\000.\0001\000.\0001\000\040\000c\000o\000m\000p\000u\000t\000e\000\137\000e\000g\000n\000\050\000\051}{subsection.3.3.1}% 30
\BOOKMARK [3][-]{subsubsection.3.3.1.2}{\376\377\0003\000.\0003\000.\0001\000.\0002\000\040\000c\000o\000m\000p\000u\000t\000e\000\137\000e\000g\000n\000\137\000a\000t\000t\000\050\000\051}{subsection.3.3.1}% 31
\BOOKMARK [3][-]{subsubsection.3.3.1.3}{\376\377\0003\000.\0003\000.\0001\000.\0003\000\040\000c\000o\000m\000p\000u\000t\000e\000\137\000g\000r\000o\000u\000p\000\137\000k\000l\000\050\000\051}{subsection.3.3.1}% 32
\BOOKMARK [3][-]{subsubsection.3.3.1.4}{\376\377\0003\000.\0003\000.\0001\000.\0004\000\040\000c\000o\000m\000p\000u\000t\000e\000\137\000g\000r\000o\000u\000p\000\137\000k\000l\000\137\000a\000t\000t\000\050\000\051}{subsection.3.3.1}% 33
\BOOKMARK [3][-]{subsubsection.3.3.1.5}{\376\377\0003\000.\0003\000.\0001\000.\0005\000\040\000c\000o\000m\000p\000u\000t\000e\000\137\000p\000h\000a\000s\000e\000\137\000k\000l\000\050\000\051}{subsection.3.3.1}% 34
\BOOKMARK [3][-]{subsubsection.3.3.1.6}{\376\377\0003\000.\0003\000.\0001\000.\0006\000\040\000c\000o\000m\000p\000u\000t\000e\000\137\000p\000h\000a\000s\000e\000\137\000k\000l\000\137\000a\000t\000t\000\050\000\051}{subsection.3.3.1}% 35
\BOOKMARK [3][-]{subsubsection.3.3.1.7}{\376\377\0003\000.\0003\000.\0001\000.\0007\000\040\000e\000g\000n\0002\000d\000i\000s\000p\000l\000\050\000\051}{subsection.3.3.1}% 36
\BOOKMARK [3][-]{subsubsection.3.3.1.8}{\376\377\0003\000.\0003\000.\0001\000.\0008\000\040\000e\000g\000n\0002\000d\000i\000s\000p\000l\000\137\000a\000t\000t\000\050\000\051}{subsection.3.3.1}% 37
\BOOKMARK [3][-]{subsubsection.3.3.1.9}{\376\377\0003\000.\0003\000.\0001\000.\0009\000\040\000p\000r\000e\000p\000a\000r\000e\000\137\000m\000a\000t\000r\000i\000c\000e\000s\000\050\000\051}{subsection.3.3.1}% 38
\BOOKMARK [3][-]{subsubsection.3.3.1.10}{\376\377\0003\000.\0003\000.\0001\000.\0001\0000\000\040\000t\000r\000a\000n\000s\000f\000o\000r\000m\000\137\000k\000e\000r\000n\000e\000l\000s\000\050\000\051}{subsection.3.3.1}% 39
\BOOKMARK [0][-]{chapter.4}{\376\377\0004\000\040\000F\000i\000l\000e\000\040\000D\000o\000c\000u\000m\000e\000n\000t\000a\000t\000i\000o\000n}{}% 40
\BOOKMARK [1][-]{section.4.1}{\376\377\0004\000.\0001\000\040\000g\000l\000o\000b\000a\000l\000.\000h\000p\000p}{chapter.4}% 41
\BOOKMARK [1][-]{section.4.2}{\376\377\0004\000.\0002\000\040\000s\000p\000e\000c\000s\000w\000d\000.\000h\000p\000p}{chapter.4}% 42
\BOOKMARK [1][-]{section.4.3}{\376\377\0004\000.\0003\000\040\000m\000e\000s\000h\000.\000h\000p\000p}{chapter.4}% 43
\BOOKMARK [1][-]{section.4.4}{\376\377\0004\000.\0004\000\040\000a\000t\000t\000e\000n\000u\000a\000t\000i\000o\000n\000.\000h\000p\000p}{chapter.4}% 44
\BOOKMARK [1][-]{section.4.5}{\376\377\0004\000.\0005\000\040\000G\000Q\000T\000a\000b\000l\000e\000.\000h\000p\000p}{chapter.4}% 45
\BOOKMARK [1][-]{section.4.6}{\376\377\0004\000.\0006\000\040\000i\000o\000f\000u\000n\000c\000.\000h\000p\000p}{chapter.4}% 46
\BOOKMARK [1][-]{section.4.7}{\376\377\0004\000.\0007\000\040\000s\000c\000h\000u\000r\000.\000h\000p\000p}{chapter.4}% 47
\BOOKMARK [1][-]{section.4.8}{\376\377\0004\000.\0008\000\040\000f\000r\000e\000c\000h\000e\000t\000\137\000o\000p\000.\000h\000p\000p}{chapter.4}% 48
\BOOKMARK [1][-]{section.4.9}{\376\377\0004\000.\0009\000\040\000v\000t\000i\000.\000h\000p\000p}{chapter.4}% 49
\BOOKMARK [0][-]{section*.5}{\376\377\000I\000n\000d\000e\000x}{}% 50
